#
# There is insufficient memory for the Java Runtime Environment to continue.
# Native memory allocation (malloc) failed to allocate 65552 bytes for Chunk::new
# Possible reasons:
#   The system is out of physical RAM or swap space
#   In 32 bit mode, the process size limit was hit
# Possible solutions:
#   Reduce memory load on the system
#   Increase physical memory or swap space
#   Check if swap backing store is full
#   Use 64 bit Java on a 64 bit OS
#   Decrease Java heap size (-Xmx/-Xms)
#   Decrease number of Java threads
#   Decrease Java thread stack sizes (-Xss)
#   Set larger code cache with -XX:ReservedCodeCacheSize=
# This output file may be truncated or incomplete.
#
#  Out of Memory Error (allocation.cpp:390), pid=12756, tid=0x00000000000037f0
#
# JRE version: Java(TM) SE Runtime Environment (8.0_144-b01) (build 1.8.0_144-b01)
# Java VM: Java HotSpot(TM) 64-Bit Server VM (25.144-b01 mixed mode windows-amd64 compressed oops)
# Failed to write core dump. Minidumps are not enabled by default on client versions of Windows
#

---------------  T H R E A D  ---------------

Current thread (0x000000001747c000):  JavaThread "C2 CompilerThread1" daemon [_thread_in_native, id=14320, stack(0x0000000018e90000,0x0000000018f90000)]

Stack: [0x0000000018e90000,0x0000000018f90000]
[error occurred during error reporting (printing stack bounds), id 0xc0000005]

Native frames: (J=compiled Java code, j=interpreted, Vv=VM code, C=native code)


Current CompileTask:
C2:   7781 3333   !   4       org.codehaus.plexus.interpolation.StringSearchInterpolator::interpolate (655 bytes)


---------------  P R O C E S S  ---------------

Java Threads: ( => current thread )
  0x000000001881c000 JavaThread "Service Thread" daemon [_thread_blocked, id=14672, stack(0x0000000019090000,0x0000000019190000)]
  0x00000000187a5000 JavaThread "C1 CompilerThread2" daemon [_thread_in_native, id=10736, stack(0x0000000018f90000,0x0000000019090000)]
=>0x000000001747c000 JavaThread "C2 CompilerThread1" daemon [_thread_in_native, id=14320, stack(0x0000000018e90000,0x0000000018f90000)]
  0x000000001747a000 JavaThread "C2 CompilerThread0" daemon [_thread_in_native, id=16600, stack(0x0000000018d90000,0x0000000018e90000)]
  0x0000000017478800 JavaThread "Attach Listener" daemon [_thread_blocked, id=5828, stack(0x0000000018c90000,0x0000000018d90000)]
  0x0000000018798800 JavaThread "Signal Dispatcher" daemon [_thread_blocked, id=17372, stack(0x0000000018b90000,0x0000000018c90000)]
  0x000000000289a000 JavaThread "Finalizer" daemon [_thread_blocked, id=14108, stack(0x0000000018690000,0x0000000018790000)]
  0x000000000288e800 JavaThread "Reference Handler" daemon [_thread_blocked, id=15844, stack(0x0000000018590000,0x0000000018690000)]
  0x00000000027a0800 JavaThread "main" [_thread_in_native, id=14740, stack(0x00000000026a0000,0x00000000027a0000)]

Other Threads:
  0x00000000173e6800 VMThread [stack: 0x0000000018490000,0x0000000018590000] [id=15404]
  0x000000001885f000 WatcherThread [stack: 0x0000000019190000,0x0000000019290000] [id=2612]

VM state:not at safepoint (normal execution)

VM Mutex/Monitor currently owned by a thread: None

Heap:
 PSYoungGen      total 146432K, used 18514K [0x00000000d5b80000, 0x00000000df980000, 0x0000000100000000)
  eden space 132608K, 6% used [0x00000000d5b80000,0x00000000d635eb50,0x00000000ddd00000)
  from space 13824K, 75% used [0x00000000deb00000,0x00000000df536010,0x00000000df880000)
  to   space 14336K, 0% used [0x00000000ddd00000,0x00000000ddd00000,0x00000000deb00000)
 ParOldGen       total 87552K, used 17837K [0x0000000081200000, 0x0000000086780000, 0x00000000d5b80000)
  object space 87552K, 20% used [0x0000000081200000,0x000000008236b6c0,0x0000000086780000)
 Metaspace       used 15865K, capacity 16132K, committed 16256K, reserved 1062912K
  class space    used 1834K, capacity 1920K, committed 1920K, reserved 1048576K

Card table byte_map: [0x0000000011c60000,0x0000000012060000] byte_map_base: 0x0000000011857000

Marking Bits: (ParMarkBitMap*) 0x000000007131d850
 Begin Bits: [0x0000000012710000, 0x00000000146c8000)
 End Bits:   [0x00000000146c8000, 0x0000000016680000)

Polling page: 0x0000000000680000

CodeCache: size=245760Kb used=12569Kb max_used=12569Kb free=233190Kb
 bounds [0x00000000028a0000, 0x0000000003500000, 0x00000000118a0000]
 total_blobs=3656 nmethods=3314 adapters=254
 compilation: enabled

Compilation events (10 events):
Event: 7.743 Thread 0x00000000187a5000 nmethod 3340 0x00000000034ef050 code [0x00000000034ef220, 0x00000000034ef988]
Event: 7.743 Thread 0x00000000187a5000 3341       1       org.apache.maven.model.CiManagement::getSystem (5 bytes)
Event: 7.743 Thread 0x00000000187a5000 nmethod 3341 0x00000000034e7ad0 code [0x00000000034e7c20, 0x00000000034e7d30]
Event: 7.743 Thread 0x00000000187a5000 3342       1       org.apache.maven.model.CiManagement::getUrl (5 bytes)
Event: 7.743 Thread 0x00000000187a5000 nmethod 3342 0x00000000029baed0 code [0x00000000029bb020, 0x00000000029bb130]
Event: 7.743 Thread 0x00000000187a5000 3343       1       java.util.WeakHashMap::indexFor (6 bytes)
Event: 7.743 Thread 0x00000000187a5000 nmethod 3343 0x00000000029bac50 code [0x00000000029bada0, 0x00000000029bae90]
Event: 7.766 Thread 0x00000000187a5000 3344   !   3       org.codehaus.plexus.util.xml.pull.MXParser::parsePI (718 bytes)
Event: 7.769 Thread 0x00000000187a5000 nmethod 3344 0x00000000034efcd0 code [0x00000000034f0060, 0x00000000034f20b8]
Event: 7.769 Thread 0x00000000187a5000 3345   !   3       org.eclipse.aether.internal.impl.DefaultArtifactResolver::resolve (1078 bytes)

GC Heap History (10 events):
Event: 2.394 GC heap before
{Heap before GC invocations=2 (full 0):
 PSYoungGen      total 38400K, used 38108K [0x00000000d5b80000, 0x00000000d8600000, 0x0000000100000000)
  eden space 33280K, 100% used [0x00000000d5b80000,0x00000000d7c00000,0x00000000d7c00000)
  from space 5120K, 94% used [0x00000000d7c00000,0x00000000d80b70a8,0x00000000d8100000)
  to   space 5120K, 0% used [0x00000000d8100000,0x00000000d8100000,0x00000000d8600000)
 ParOldGen       total 87552K, used 8K [0x0000000081200000, 0x0000000086780000, 0x00000000d5b80000)
  object space 87552K, 0% used [0x0000000081200000,0x0000000081202000,0x0000000086780000)
 Metaspace       used 11837K, capacity 12090K, committed 12416K, reserved 1060864K
  class space    used 1490K, capacity 1577K, committed 1664K, reserved 1048576K
Event: 2.404 GC heap after
Heap after GC invocations=2 (full 0):
 PSYoungGen      total 38400K, used 5099K [0x00000000d5b80000, 0x00000000d8600000, 0x0000000100000000)
  eden space 33280K, 0% used [0x00000000d5b80000,0x00000000d5b80000,0x00000000d7c00000)
  from space 5120K, 99% used [0x00000000d8100000,0x00000000d85facf8,0x00000000d8600000)
  to   space 5120K, 0% used [0x00000000d7c00000,0x00000000d7c00000,0x00000000d8100000)
 ParOldGen       total 87552K, used 2443K [0x0000000081200000, 0x0000000086780000, 0x00000000d5b80000)
  object space 87552K, 2% used [0x0000000081200000,0x0000000081462f48,0x0000000086780000)
 Metaspace       used 11837K, capacity 12090K, committed 12416K, reserved 1060864K
  class space    used 1490K, capacity 1577K, committed 1664K, reserved 1048576K
}
Event: 3.697 GC heap before
{Heap before GC invocations=3 (full 0):
 PSYoungGen      total 38400K, used 38379K [0x00000000d5b80000, 0x00000000d8600000, 0x0000000100000000)
  eden space 33280K, 100% used [0x00000000d5b80000,0x00000000d7c00000,0x00000000d7c00000)
  from space 5120K, 99% used [0x00000000d8100000,0x00000000d85facf8,0x00000000d8600000)
  to   space 5120K, 0% used [0x00000000d7c00000,0x00000000d7c00000,0x00000000d8100000)
 ParOldGen       total 87552K, used 2443K [0x0000000081200000, 0x0000000086780000, 0x00000000d5b80000)
  object space 87552K, 2% used [0x0000000081200000,0x0000000081462f48,0x0000000086780000)
 Metaspace       used 14499K, capacity 14772K, committed 14976K, reserved 1062912K
  class space    used 1778K, capacity 1880K, committed 1920K, reserved 1048576K
Event: 3.715 GC heap after
Heap after GC invocations=3 (full 0):
 PSYoungGen      total 38400K, used 5096K [0x00000000d5b80000, 0x00000000da680000, 0x0000000100000000)
  eden space 33280K, 0% used [0x00000000d5b80000,0x00000000d5b80000,0x00000000d7c00000)
  from space 5120K, 99% used [0x00000000d7c00000,0x00000000d80fa040,0x00000000d8100000)
  to   space 5120K, 0% used [0x00000000da180000,0x00000000da180000,0x00000000da680000)
 ParOldGen       total 87552K, used 6337K [0x0000000081200000, 0x0000000086780000, 0x00000000d5b80000)
  object space 87552K, 7% used [0x0000000081200000,0x00000000818305f8,0x0000000086780000)
 Metaspace       used 14499K, capacity 14772K, committed 14976K, reserved 1062912K
  class space    used 1778K, capacity 1880K, committed 1920K, reserved 1048576K
}
Event: 4.586 GC heap before
{Heap before GC invocations=4 (full 0):
 PSYoungGen      total 38400K, used 38376K [0x00000000d5b80000, 0x00000000da680000, 0x0000000100000000)
  eden space 33280K, 100% used [0x00000000d5b80000,0x00000000d7c00000,0x00000000d7c00000)
  from space 5120K, 99% used [0x00000000d7c00000,0x00000000d80fa040,0x00000000d8100000)
  to   space 5120K, 0% used [0x00000000da180000,0x00000000da180000,0x00000000da680000)
 ParOldGen       total 87552K, used 6337K [0x0000000081200000, 0x0000000086780000, 0x00000000d5b80000)
  object space 87552K, 7% used [0x0000000081200000,0x00000000818305f8,0x0000000086780000)
 Metaspace       used 15045K, capacity 15322K, committed 15488K, reserved 1062912K
  class space    used 1812K, capacity 1913K, committed 1920K, reserved 1048576K
Event: 4.609 GC heap after
Heap after GC invocations=4 (full 0):
 PSYoungGen      total 71680K, used 5112K [0x00000000d5b80000, 0x00000000da680000, 0x0000000100000000)
  eden space 66560K, 0% used [0x00000000d5b80000,0x00000000d5b80000,0x00000000d9c80000)
  from space 5120K, 99% used [0x00000000da180000,0x00000000da67e050,0x00000000da680000)
  to   space 5120K, 0% used [0x00000000d9c80000,0x00000000d9c80000,0x00000000da180000)
 ParOldGen       total 87552K, used 11441K [0x0000000081200000, 0x0000000086780000, 0x00000000d5b80000)
  object space 87552K, 13% used [0x0000000081200000,0x0000000081d2c690,0x0000000086780000)
 Metaspace       used 15045K, capacity 15322K, committed 15488K, reserved 1062912K
  class space    used 1812K, capacity 1913K, committed 1920K, reserved 1048576K
}
Event: 6.179 GC heap before
{Heap before GC invocations=5 (full 0):
 PSYoungGen      total 71680K, used 71672K [0x00000000d5b80000, 0x00000000da680000, 0x0000000100000000)
  eden space 66560K, 100% used [0x00000000d5b80000,0x00000000d9c80000,0x00000000d9c80000)
  from space 5120K, 99% used [0x00000000da180000,0x00000000da67e050,0x00000000da680000)
  to   space 5120K, 0% used [0x00000000d9c80000,0x00000000d9c80000,0x00000000da180000)
 ParOldGen       total 87552K, used 11441K [0x0000000081200000, 0x0000000086780000, 0x00000000d5b80000)
  object space 87552K, 13% used [0x0000000081200000,0x0000000081d2c690,0x0000000086780000)
 Metaspace       used 15432K, capacity 15730K, committed 16000K, reserved 1062912K
  class space    used 1819K, capacity 1917K, committed 1920K, reserved 1048576K
Event: 6.205 GC heap after
Heap after GC invocations=5 (full 0):
 PSYoungGen      total 71680K, used 5112K [0x00000000d5b80000, 0x00000000df880000, 0x0000000100000000)
  eden space 66560K, 0% used [0x00000000d5b80000,0x00000000d5b80000,0x00000000d9c80000)
  from space 5120K, 99% used [0x00000000d9c80000,0x00000000da17e030,0x00000000da180000)
  to   space 13824K, 0% used [0x00000000deb00000,0x00000000deb00000,0x00000000df880000)
 ParOldGen       total 87552K, used 17837K [0x0000000081200000, 0x0000000086780000, 0x00000000d5b80000)
  object space 87552K, 20% used [0x0000000081200000,0x000000008236b6c0,0x0000000086780000)
 Metaspace       used 15432K, capacity 15730K, committed 16000K, reserved 1062912K
  class space    used 1819K, capacity 1917K, committed 1920K, reserved 1048576K
}
Event: 7.621 GC heap before
{Heap before GC invocations=6 (full 0):
 PSYoungGen      total 71680K, used 71672K [0x00000000d5b80000, 0x00000000df880000, 0x0000000100000000)
  eden space 66560K, 100% used [0x00000000d5b80000,0x00000000d9c80000,0x00000000d9c80000)
  from space 5120K, 99% used [0x00000000d9c80000,0x00000000da17e030,0x00000000da180000)
  to   space 13824K, 0% used [0x00000000deb00000,0x00000000deb00000,0x00000000df880000)
 ParOldGen       total 87552K, used 17837K [0x0000000081200000, 0x0000000086780000, 0x00000000d5b80000)
  object space 87552K, 20% used [0x0000000081200000,0x000000008236b6c0,0x0000000086780000)
 Metaspace       used 15821K, capacity 16132K, committed 16256K, reserved 1062912K
  class space    used 1833K, capacity 1920K, committed 1920K, reserved 1048576K
Event: 7.647 GC heap after
Heap after GC invocations=6 (full 0):
 PSYoungGen      total 146432K, used 10456K [0x00000000d5b80000, 0x00000000df980000, 0x0000000100000000)
  eden space 132608K, 0% used [0x00000000d5b80000,0x00000000d5b80000,0x00000000ddd00000)
  from space 13824K, 75% used [0x00000000deb00000,0x00000000df536010,0x00000000df880000)
  to   space 14336K, 0% used [0x00000000ddd00000,0x00000000ddd00000,0x00000000deb00000)
 ParOldGen       total 87552K, used 17837K [0x0000000081200000, 0x0000000086780000, 0x00000000d5b80000)
  object space 87552K, 20% used [0x0000000081200000,0x000000008236b6c0,0x0000000086780000)
 Metaspace       used 15821K, capacity 16132K, committed 16256K, reserved 1062912K
  class space    used 1833K, capacity 1920K, committed 1920K, reserved 1048576K
}

Deoptimization events (10 events):
Event: 5.993 Thread 0x00000000027a0800 Uncommon trap: reason=speculate_class_check action=maybe_recompile pc=0x0000000003283ca4 method=java.nio.charset.CharsetDecoder.decode(Ljava/nio/ByteBuffer;Ljava/nio/CharBuffer;Z)Ljava/nio/charset/CoderResult; @ 57
Event: 6.441 Thread 0x00000000027a0800 Uncommon trap: reason=unstable_if action=reinterpret pc=0x00000000031e8dbc method=org.codehaus.plexus.util.xml.pull.MXParser.parseAttribute()C @ 995
Event: 6.659 Thread 0x00000000027a0800 Uncommon trap: reason=bimorphic action=maybe_recompile pc=0x0000000002e82f04 method=java.util.concurrent.ConcurrentHashMap.get(Ljava/lang/Object;)Ljava/lang/Object; @ 149
Event: 6.691 Thread 0x00000000027a0800 Uncommon trap: reason=bimorphic action=maybe_recompile pc=0x0000000002e82f04 method=java.util.concurrent.ConcurrentHashMap.get(Ljava/lang/Object;)Ljava/lang/Object; @ 149
Event: 6.808 Thread 0x00000000027a0800 Uncommon trap: reason=unstable_if action=reinterpret pc=0x000000000333fe68 method=org.apache.maven.repository.internal.ArtifactDescriptorReaderDelegate.convert(Lorg/apache/maven/model/Dependency;Lorg/eclipse/aether/artifact/ArtifactTypeRegistry;)Lorg/ecli
Event: 6.808 Thread 0x00000000027a0800 Uncommon trap: reason=unstable_if action=reinterpret pc=0x00000000031e5130 method=org.eclipse.aether.artifact.DefaultArtifact.merge(Ljava/util/Map;Ljava/util/Map;)Ljava/util/Map; @ 1
Event: 6.857 Thread 0x00000000027a0800 Uncommon trap: reason=unstable_if action=reinterpret pc=0x00000000031717f8 method=org.codehaus.plexus.interpolation.StringSearchInterpolator.interpolate(Ljava/lang/String;Lorg/codehaus/plexus/interpolation/RecursionInterceptor;Ljava/util/Set;)Ljava/lang/S
Event: 7.175 Thread 0x00000000027a0800 Uncommon trap: reason=unstable_if action=reinterpret pc=0x00000000031009c4 method=java.util.HashMap.getNode(ILjava/lang/Object;)Ljava/util/HashMap$Node; @ 53
Event: 7.175 Thread 0x00000000027a0800 Uncommon trap: reason=unstable_if action=reinterpret pc=0x0000000002c65b7c method=java.util.HashMap.getNode(ILjava/lang/Object;)Ljava/util/HashMap$Node; @ 53
Event: 7.658 Thread 0x00000000027a0800 Uncommon trap: reason=unstable_if action=reinterpret pc=0x0000000003359b3c method=org.eclipse.aether.graph.Dependency$Exclusions.copy(Ljava/util/Collection;)Ljava/util/Set; @ 1

Internal exceptions (10 events):
Event: 2.801 Thread 0x00000000027a0800 Exception <a 'java/lang/NullPointerException'> (0x00000000d6573a90) thrown at [C:\re\workspace\8-2-build-windows-amd64-cygwin\jdk8u144\9417\hotspot\src\share\vm\interpreter\linkResolver.cpp, line 1197]
Event: 2.801 Thread 0x00000000027a0800 Exception <a 'java/lang/NullPointerException'> (0x00000000d6573ca8) thrown at [C:\re\workspace\8-2-build-windows-amd64-cygwin\jdk8u144\9417\hotspot\src\share\vm\interpreter\linkResolver.cpp, line 1197]
Event: 3.234 Thread 0x00000000027a0800 Implicit null exception at 0x0000000002ea3014 to 0x0000000002ea42a1
Event: 4.236 Thread 0x00000000027a0800 Implicit null exception at 0x0000000003027d77 to 0x0000000003027fc1
Event: 4.341 Thread 0x00000000027a0800 Implicit null exception at 0x0000000002c98555 to 0x0000000002c98725
Event: 4.341 Thread 0x00000000027a0800 Implicit null exception at 0x0000000002bdd2af to 0x0000000002bdd319
Event: 4.564 Thread 0x00000000027a0800 Implicit null exception at 0x000000000301a20f to 0x000000000301a711
Event: 5.100 Thread 0x00000000027a0800 Implicit null exception at 0x0000000003158941 to 0x000000000315ca61
Event: 5.376 Thread 0x00000000027a0800 Implicit null exception at 0x00000000031b0b67 to 0x00000000031b0dcd
Event: 7.658 Thread 0x00000000027a0800 Implicit null exception at 0x0000000003359548 to 0x0000000003359b15

Events (10 events):
Event: 7.656 loading class org/apache/maven/plugin/DefaultPluginRealmCache$CacheKey done
Event: 7.657 loading class org/apache/maven/plugin/internal/PlexusUtilsInjector
Event: 7.657 loading class org/apache/maven/plugin/internal/PlexusUtilsInjector done
Event: 7.658 loading class org/apache/maven/plugin/internal/WagonExcluder
Event: 7.658 loading class org/apache/maven/plugin/internal/WagonExcluder done
Event: 7.658 Thread 0x00000000027a0800 Uncommon trap: trap_request=0xffffff65 fr.pc=0x0000000003359b3c
Event: 7.658 Thread 0x00000000027a0800 DEOPT PACKING pc=0x0000000003359b3c sp=0x000000000279e030
Event: 7.658 Thread 0x00000000027a0800 DEOPT UNPACKING pc=0x00000000028e582a sp=0x000000000279dfc8 mode 2
Event: 7.714 Thread 0x00000000027a0800 DEOPT PACKING pc=0x00000000031ec327 sp=0x000000000279ca30
Event: 7.714 Thread 0x00000000027a0800 DEOPT UNPACKING pc=0x00000000028e787f sp=0x000000000279c788 mode 0


Dynamic libraries:
0x00007ff70f0c0000 - 0x00007ff70f0f7000 	C:\jdk1_8\bin\javaw.exe
0x00007ff857da0000 - 0x00007ff857f81000 	C:\WINDOWS\SYSTEM32\ntdll.dll
0x00007ff855480000 - 0x00007ff855532000 	C:\WINDOWS\System32\KERNEL32.DLL
0x00007ff854fb0000 - 0x00007ff855223000 	C:\WINDOWS\System32\KERNELBASE.dll
0x00007ff8553d0000 - 0x00007ff855471000 	C:\WINDOWS\System32\ADVAPI32.dll
0x00007ff856640000 - 0x00007ff8566de000 	C:\WINDOWS\System32\msvcrt.dll
0x00007ff8559d0000 - 0x00007ff855a2b000 	C:\WINDOWS\System32\sechost.dll
0x00007ff855b70000 - 0x00007ff855c94000 	C:\WINDOWS\System32\RPCRT4.dll
0x00007ff855f30000 - 0x00007ff8560c0000 	C:\WINDOWS\System32\USER32.dll
0x00007ff8547a0000 - 0x00007ff8547c0000 	C:\WINDOWS\System32\win32u.dll
0x00007ff856740000 - 0x00007ff856768000 	C:\WINDOWS\System32\GDI32.dll
0x00007ff854360000 - 0x00007ff8544f2000 	C:\WINDOWS\System32\gdi32full.dll
0x00007ff854170000 - 0x00007ff85420f000 	C:\WINDOWS\System32\msvcp_win.dll
0x00007ff854260000 - 0x00007ff85435a000 	C:\WINDOWS\System32\ucrtbase.dll
0x00007ff848240000 - 0x00007ff8484a9000 	C:\WINDOWS\WinSxS\amd64_microsoft.windows.common-controls_6595b64144ccf1df_6.0.17134.345_none_fb429a5930656358\COMCTL32.dll
0x00007ff855540000 - 0x00007ff855863000 	C:\WINDOWS\System32\combase.dll
0x00007ff8547c0000 - 0x00007ff85483a000 	C:\WINDOWS\System32\bcryptPrimitives.dll
0x00007ff855a30000 - 0x00007ff855a5d000 	C:\WINDOWS\System32\IMM32.DLL
0x0000000071870000 - 0x0000000071942000 	C:\jdk1_8\jre\bin\msvcr100.dll
0x0000000070b00000 - 0x000000007139d000 	C:\jdk1_8\jre\bin\server\jvm.dll
0x00007ff856170000 - 0x00007ff856178000 	C:\WINDOWS\System32\PSAPI.DLL
0x00007ff851ca0000 - 0x00007ff851cc3000 	C:\WINDOWS\SYSTEM32\WINMM.dll
0x00007ff84dea0000 - 0x00007ff84deaa000 	C:\WINDOWS\SYSTEM32\VERSION.dll
0x00007ff8470b0000 - 0x00007ff8470b9000 	C:\WINDOWS\SYSTEM32\WSOCK32.dll
0x00007ff857d00000 - 0x00007ff857d6c000 	C:\WINDOWS\System32\WS2_32.dll
0x00007ff851c20000 - 0x00007ff851c4a000 	C:\WINDOWS\SYSTEM32\winmmbase.dll
0x00007ff854210000 - 0x00007ff854259000 	C:\WINDOWS\System32\cfgmgr32.dll
0x0000000071860000 - 0x000000007186f000 	C:\jdk1_8\jre\bin\verify.dll
0x0000000071830000 - 0x0000000071859000 	C:\jdk1_8\jre\bin\java.dll
0x0000000071810000 - 0x0000000071826000 	C:\jdk1_8\jre\bin\zip.dll
0x00007ff856770000 - 0x00007ff857baf000 	C:\WINDOWS\System32\SHELL32.dll
0x00007ff855e80000 - 0x00007ff855f29000 	C:\WINDOWS\System32\shcore.dll
0x00007ff854840000 - 0x00007ff854f4d000 	C:\WINDOWS\System32\windows.storage.dll
0x00007ff855e20000 - 0x00007ff855e71000 	C:\WINDOWS\System32\shlwapi.dll
0x00007ff854130000 - 0x00007ff854141000 	C:\WINDOWS\System32\kernel.appcore.dll
0x00007ff854150000 - 0x00007ff85416f000 	C:\WINDOWS\System32\profapi.dll
0x00007ff8540b0000 - 0x00007ff8540fc000 	C:\WINDOWS\System32\powrprof.dll
0x00007ff854100000 - 0x00007ff85410a000 	C:\WINDOWS\System32\FLTLIB.DLL
0x00000000717f0000 - 0x000000007180a000 	C:\jdk1_8\jre\bin\net.dll
0x00007ff853910000 - 0x00007ff853976000 	C:\WINDOWS\system32\mswsock.dll
0x00000000717c0000 - 0x00000000717d1000 	C:\jdk1_8\jre\bin\nio.dll

VM Arguments:
jvm_args: -Dmaven.home=EMBEDDED -Dclassworlds.conf=C:\xiangmu\atm\.metadata\.plugins\org.eclipse.m2e.launching\launches\m2conf6297353273964008279.tmp -Dmaven.multiModuleProjectDirectory=C:\xiangmu\atm\admin -Dfile.encoding=UTF-8 
java_command: org.codehaus.plexus.classworlds.launcher.Launcher -B -gs C:\maven\apache-maven-3.3.9\conf\settings-quick.xml -s C:\maven\apache-maven-3.3.9\conf\settings-quick.xml install
java_class_path (initial): /F:/eclipse-jee-mars-2-win32-x86_64/eclipse/plugins/org.eclipse.m2e.maven.runtime_1.7.0.20160603-1931/jars/plexus-classworlds-2.5.2.jar
Launcher Type: SUN_STANDARD

Environment Variables:
JAVA_HOME=C:\jdk1_8
PATH=C:/Program Files/Java/jre1.8.0_181/bin/server;C:/Program Files/Java/jre1.8.0_181/bin;C:/Program Files/Java/jre1.8.0_181/lib/amd64;C:\Program Files (x86)\Common Files\Oracle\Java\javapath;C:\Windows\system32;C:\Windows;C:\Windows\System32\Wbem;C:\Windows\System32\WindowsPowerShell\v1.0\;C:\Program Files (x86)\NVIDIA Corporation\PhysX\Common;C:\jdk1_8\bin;C:\jdk1_8\jre\bin;C:\maven\apache-maven-3.3.9\bin;C:\Program Files (x86)\MySQL\MySQL Server 5.5\bin;C:\WINDOWS\system32;C:\WINDOWS;C:\WINDOWS\System32\Wbem;C:\WINDOWS\System32\WindowsPowerShell\v1.0\;C:\WINDOWS\System32\OpenSSH\;C:\mysql-8.0.12-winx64\bin;C:\Program Files\Git\cmd;C:\Program Files\TortoiseGit\bin;C:\Program Files\SlikSvn\bin;C:\Program Files\nodejs\;C:\Users\admin\AppData\Local\Microsoft\WindowsApps;;C:\Users\admin\AppData\Local\Code\bin;C:\Users\admin\AppData\Roaming\npm;F:\eclipse-jee-mars-2-win32-x86_64\eclipse;
USERNAME=admin
OS=Windows_NT
PROCESSOR_IDENTIFIER=Intel64 Family 6 Model 60 Stepping 3, GenuineIntel



---------------  S Y S T E M  ---------------

OS: Windows 10.0 , 64 bit Build 17134 (10.0.17134.1)

CPU:total 4 (initial active 4) (2 cores per cpu, 2 threads per core) family 6 model 60 stepping 3, cmov, cx8, fxsr, mmx, sse, sse2, sse3, ssse3, sse4.1, sse4.2, popcnt, avx, avx2, clmul, erms, lzcnt, ht, tsc, tscinvbit, bmi1, bmi2

Memory: 4k page, physical 8313132k(666196k free), swap 21420328k(2068k free)

vm_info: Java HotSpot(TM) 64-Bit Server VM (25.144-b01) for windows-amd64 JRE (1.8.0_144-b01), built on Jul 21 2017 21:57:33 by "java_re" with MS VC++ 10.0 (VS2010)

time: Tue Oct 30 15:57:19 2018
elapsed time: 7 seconds (0d 0h 0m 7s)

